<?xml version="1.0" encoding="UTF-8"?>
<testng-results total="2" passed="2" failed="0" skipped="0">
  <reporter-output>
  </reporter-output>
  <suite started-at="2022-11-10T00:57:03Z" name="com.itexp.MedicalOfficeTest" finished-at="2022-11-10T00:57:03Z" duration-ms="26">
    <groups>
    </groups>
    <test started-at="2022-11-10T00:57:03Z" name="Command line test" finished-at="2022-11-10T00:57:03Z" duration-ms="26">
      <class name="com.itexp.MedicalOfficeTest">
        <test-method is-config="true" signature="setUpClass()[pri:0, instance:com.itexp.MedicalOfficeTest@76b0bfab]" started-at="2022-11-09T18:57:03Z" name="setUpClass" finished-at="2022-11-09T18:57:03Z" duration-ms="9" status="PASS">
          <reporter-output>
          </reporter-output>
        </test-method> <!-- setUpClass -->
        <test-method is-config="true" signature="setUpMethod()[pri:0, instance:com.itexp.MedicalOfficeTest@76b0bfab]" started-at="2022-11-09T18:57:03Z" name="setUpMethod" finished-at="2022-11-09T18:57:03Z" duration-ms="1" status="PASS">
          <reporter-output>
          </reporter-output>
        </test-method> <!-- setUpMethod -->
        <test-method signature="idCheck()[pri:0, instance:com.itexp.MedicalOfficeTest@76b0bfab]" started-at="2022-11-09T18:57:03Z" name="idCheck" finished-at="2022-11-09T18:57:03Z" duration-ms="3" status="PASS">
          <reporter-output>
          </reporter-output>
        </test-method> <!-- idCheck -->
        <test-method is-config="true" signature="tearDownMethod()[pri:0, instance:com.itexp.MedicalOfficeTest@76b0bfab]" started-at="2022-11-09T18:57:03Z" name="tearDownMethod" finished-at="2022-11-09T18:57:03Z" duration-ms="1" status="PASS">
          <reporter-output>
          </reporter-output>
        </test-method> <!-- tearDownMethod -->
        <test-method is-config="true" signature="setUpMethod()[pri:0, instance:com.itexp.MedicalOfficeTest@76b0bfab]" started-at="2022-11-09T18:57:03Z" name="setUpMethod" finished-at="2022-11-09T18:57:03Z" duration-ms="1" status="PASS">
          <reporter-output>
          </reporter-output>
        </test-method> <!-- setUpMethod -->
        <test-method is-config="true" signature="tearDownMethod()[pri:0, instance:com.itexp.MedicalOfficeTest@76b0bfab]" started-at="2022-11-09T18:57:03Z" name="tearDownMethod" finished-at="2022-11-09T18:57:03Z" duration-ms="0" status="PASS">
          <reporter-output>
          </reporter-output>
        </test-method> <!-- tearDownMethod -->
        <test-method signature="nameCheck()[pri:0, instance:com.itexp.MedicalOfficeTest@76b0bfab]" started-at="2022-11-09T18:57:03Z" name="nameCheck" finished-at="2022-11-09T18:57:03Z" duration-ms="0" status="PASS">
          <reporter-output>
          </reporter-output>
        </test-method> <!-- nameCheck -->
        <test-method is-config="true" signature="tearDownClass()[pri:0, instance:com.itexp.MedicalOfficeTest@76b0bfab]" started-at="2022-11-09T18:57:03Z" name="tearDownClass" finished-at="2022-11-09T18:57:03Z" duration-ms="0" status="PASS">
          <reporter-output>
          </reporter-output>
        </test-method> <!-- tearDownClass -->
      </class> <!-- com.itexp.MedicalOfficeTest -->
    </test> <!-- Command line test -->
  </suite> <!-- com.itexp.MedicalOfficeTest -->
</testng-results>
